2025-04-14 15:22:20,031 - INFO - item_handler - 13 - Reading items
2025-04-14 15:22:23,701 - INFO - item_handler - 13 - Reading items
2025-04-14 15:25:57,467 - INFO - item_handler - 13 - Reading items
2025-04-14 15:27:22,902 - INFO - item_handler - 13 - Reading items
2025-04-14 15:27:26,500 - INFO - item_handler - 13 - Reading items
2025-04-14 15:27:27,452 - INFO - item_handler - 13 - Reading items
2025-04-14 15:27:28,272 - INFO - item_handler - 13 - Reading items
2025-04-14 15:41:40,007 - INFO - item_handler - 9 - Reading items from DB
2025-04-14 17:46:31,973 - INFO - item_handler - 24 - Attempting login for email: string
2025-04-14 17:47:29,811 - INFO - item_handler - 24 - Attempting login for email: abhishek@test.com
2025-04-14 17:47:39,465 - INFO - item_handler - 24 - Attempting login for email: abhishek@test.com
2025-04-14 18:22:24,220 - INFO - item_handler - 24 - Attempting login for email: Test@123.com
2025-04-14 18:26:20,606 - INFO - item_handler - 24 - Attempting login for email: Test@123.com
2025-04-14 18:29:15,162 - INFO - item_handler - 24 - Attempting login for email: Test@123.com
2025-04-14 18:36:10,201 - INFO - item_handler - 24 - Attempting login for email: abhishek@test.com
2025-04-14 18:47:11,734 - INFO - item_handler - 24 - Attempting login for email: abhishek@test.com
2025-04-14 18:47:27,052 - INFO - item_handler - 24 - Attempting login for email: abhishek@test.com
2025-04-15 10:35:12,441 - INFO - item_handler - 24 - Attempting login for email: Test@123.com
2025-04-15 10:35:30,927 - INFO - item_handler - 24 - Attempting login for email: abhishek@test.com
2025-04-15 15:03:16,554 - INFO - item_handler - 24 - Attempting login for email: abhishek@test.com
2025-04-15 16:13:56,725 - INFO - item_handler - 39 - Fetching all pizzas
2025-04-15 16:18:35,816 - INFO - item_handler - 24 - Fetching all pizzas
2025-04-15 16:21:34,900 - INFO - item_handler - 24 - Fetching all pizzas
2025-04-15 16:36:33,090 - INFO - item_handler - 24 - Fetching all pizzas
2025-04-15 16:38:19,086 - INFO - item_handler - 24 - Fetching all pizzas
2025-04-15 16:38:58,163 - INFO - item_handler - 24 - Fetching all pizzas
2025-04-15 16:39:28,147 - INFO - item_handler - 24 - Fetching all pizzas
2025-04-15 16:39:31,203 - INFO - item_handler - 24 - Fetching all pizzas
2025-04-15 16:39:37,652 - INFO - item_handler - 24 - Fetching all pizzas
2025-04-15 16:40:01,570 - INFO - item_handler - 24 - Fetching all pizzas
2025-04-15 16:40:53,604 - INFO - item_handler - 24 - Fetching all pizzas
2025-04-15 16:41:02,636 - INFO - item_handler - 24 - Fetching all pizzas
2025-04-15 16:45:09,503 - INFO - item_handler - 24 - Fetching all pizzas
2025-04-15 16:46:06,196 - INFO - item_handler - 24 - Fetching all pizzas
2025-04-15 16:46:09,269 - INFO - item_handler - 24 - Fetching all pizzas
2025-04-15 16:46:12,140 - INFO - item_handler - 24 - Fetching all pizzas
2025-04-15 16:46:23,184 - INFO - item_handler - 24 - Fetching all pizzas
2025-04-15 16:49:17,378 - INFO - item_handler - 24 - Fetching all pizzas
2025-04-15 16:49:21,536 - INFO - item_handler - 24 - Fetching all pizzas
2025-04-15 16:49:56,763 - INFO - item_handler - 28 - Attempting login for email: abhishek@test.com
2025-04-15 16:49:58,829 - INFO - item_handler - 24 - Fetching all pizzas
2025-04-15 16:57:15,160 - INFO - item_handler - 24 - Fetching all pizzas
2025-04-15 16:57:22,259 - INFO - item_handler - 24 - Fetching all pizzas
2025-04-15 16:59:48,915 - INFO - item_handler - 24 - Fetching all pizzas
2025-04-15 17:00:53,407 - INFO - item_handler - 24 - Fetching all pizzas
2025-04-15 17:04:24,322 - INFO - item_handler - 24 - Fetching all pizzas
2025-04-15 17:04:26,333 - INFO - item_handler - 24 - Fetching all pizzas
2025-04-15 17:04:48,168 - INFO - item_handler - 24 - Fetching all pizzas
2025-04-15 17:05:35,155 - INFO - item_handler - 24 - Fetching all pizzas
2025-04-15 17:07:17,288 - INFO - item_handler - 24 - Fetching all pizzas
2025-04-15 17:11:45,896 - INFO - item_handler - 24 - Fetching all pizzas
2025-04-15 17:12:58,105 - INFO - item_handler - 24 - Fetching all pizzas
2025-04-15 17:14:20,042 - INFO - item_handler - 24 - Fetching all pizzas
2025-04-15 17:15:36,040 - INFO - item_handler - 24 - Fetching all pizzas
2025-04-15 17:17:32,182 - INFO - item_handler - 24 - Fetching all pizzas
2025-04-15 17:17:56,215 - INFO - item_handler - 24 - Fetching all pizzas
2025-04-15 17:21:50,160 - INFO - item_handler - 24 - Fetching all pizzas
2025-04-15 17:22:22,167 - INFO - item_handler - 24 - Fetching all pizzas
2025-04-15 17:26:18,212 - INFO - item_handler - 24 - Fetching all pizzas
2025-04-15 17:27:13,805 - INFO - item_handler - 24 - Fetching all pizzas
2025-04-15 17:27:21,850 - INFO - item_handler - 24 - Fetching all pizzas
2025-04-15 17:35:48,687 - INFO - item_handler - 24 - Fetching all pizzas
2025-04-15 17:37:23,253 - INFO - item_handler - 24 - Fetching all pizzas
2025-04-15 17:42:58,155 - INFO - item_handler - 24 - Fetching all pizzas
2025-04-15 17:43:02,306 - INFO - item_handler - 24 - Fetching all pizzas
2025-04-15 17:43:15,223 - INFO - item_handler - 24 - Fetching all pizzas
2025-04-15 17:44:36,382 - INFO - item_handler - 24 - Fetching all pizzas
2025-04-15 17:45:18,569 - INFO - item_handler - 24 - Fetching all pizzas
2025-04-15 17:45:23,751 - INFO - item_handler - 24 - Fetching all pizzas
2025-04-15 17:48:05,788 - INFO - item_handler - 24 - Fetching all pizzas
2025-04-15 17:48:15,947 - INFO - item_handler - 24 - Fetching all pizzas
2025-04-15 17:48:27,971 - INFO - item_handler - 24 - Fetching all pizzas
2025-04-15 17:49:18,600 - INFO - item_handler - 24 - Fetching all pizzas
2025-04-15 17:53:42,606 - INFO - item_handler - 24 - Fetching all pizzas
2025-04-15 17:54:07,817 - INFO - item_handler - 24 - Fetching all pizzas
2025-04-15 17:54:27,404 - INFO - item_handler - 24 - Fetching all pizzas
2025-04-15 17:55:25,578 - INFO - item_handler - 24 - Fetching all pizzas
2025-04-15 17:56:18,913 - INFO - item_handler - 24 - Fetching all pizzas
2025-04-15 17:56:31,083 - INFO - item_handler - 24 - Fetching all pizzas
2025-04-15 17:56:42,639 - INFO - item_handler - 24 - Fetching all pizzas
2025-04-15 17:59:09,338 - INFO - item_handler - 24 - Fetching all pizzas
2025-04-15 18:12:18,831 - INFO - item_handler - 24 - Fetching all pizzas
2025-04-15 18:13:33,881 - INFO - item_handler - 24 - Fetching all pizzas
2025-04-15 18:15:25,189 - INFO - item_handler - 24 - Fetching all pizzas
2025-04-17 10:30:32,263 - INFO - item_handler - 24 - Fetching all pizzas
2025-04-17 10:32:40,489 - INFO - item_handler - 24 - Fetching all pizzas
2025-04-17 11:12:45,633 - INFO - item_handler - 24 - Fetching all pizzas
2025-04-17 11:13:54,045 - INFO - item_handler - 24 - Fetching all pizzas
2025-04-17 11:57:23,348 - INFO - item_handler - 28 - Attempting login for email: abhishek@test.com
2025-04-17 11:57:31,755 - INFO - item_handler - 28 - Attempting login for email: abhishek@test.com
2025-04-17 11:57:35,026 - INFO - item_handler - 24 - Fetching all pizzas
2025-04-17 11:58:22,454 - INFO - item_handler - 24 - Fetching all pizzas
2025-04-17 11:58:23,657 - INFO - item_handler - 24 - Fetching all pizzas
2025-04-17 11:58:29,518 - INFO - item_handler - 24 - Fetching all pizzas
2025-04-17 12:07:53,793 - INFO - item_handler - 24 - Fetching all pizzas
2025-04-17 12:07:55,290 - INFO - item_handler - 24 - Fetching all pizzas
2025-04-17 12:08:01,653 - INFO - item_handler - 24 - Fetching all pizzas
2025-04-17 12:08:09,779 - INFO - item_handler - 24 - Fetching all pizzas
2025-04-17 12:08:53,911 - INFO - item_handler - 24 - Fetching all pizzas
2025-04-17 12:13:52,120 - INFO - item_handler - 24 - Fetching all pizzas
2025-04-17 12:16:16,956 - INFO - item_handler - 24 - Fetching all pizzas
2025-04-17 12:17:03,353 - INFO - item_handler - 24 - Fetching all pizzas
2025-04-17 12:23:48,081 - INFO - item_handler - 24 - Fetching all pizzas
2025-04-17 12:28:52,721 - INFO - item_handler - 24 - Fetching all pizzas
2025-04-17 12:29:39,157 - INFO - item_handler - 24 - Fetching all pizzas
2025-04-17 12:29:57,135 - INFO - item_handler - 24 - Fetching all pizzas
2025-04-17 12:31:15,721 - INFO - item_handler - 24 - Fetching all pizzas
2025-04-17 12:39:58,543 - INFO - item_handler - 24 - Fetching all pizzas
2025-04-17 12:40:01,773 - INFO - item_handler - 24 - Fetching all pizzas
2025-04-17 12:41:35,407 - INFO - item_handler - 24 - Fetching all pizzas
2025-04-17 12:41:43,273 - INFO - item_handler - 24 - Fetching all pizzas
2025-04-17 12:42:40,021 - INFO - item_handler - 24 - Fetching all pizzas
2025-04-17 12:42:56,090 - INFO - item_handler - 24 - Fetching all pizzas
2025-04-17 12:46:08,080 - INFO - item_handler - 24 - Fetching all pizzas
2025-04-17 12:46:09,493 - INFO - item_handler - 24 - Fetching all pizzas
2025-04-17 12:46:51,697 - INFO - item_handler - 24 - Fetching all pizzas
2025-04-17 12:48:45,408 - INFO - item_handler - 24 - Fetching all pizzas
2025-04-17 12:48:52,046 - INFO - item_handler - 24 - Fetching all pizzas
2025-04-17 12:49:05,341 - INFO - item_handler - 24 - Fetching all pizzas
2025-04-17 13:02:25,697 - INFO - item_handler - 24 - Fetching all pizzas
2025-04-17 13:02:27,807 - INFO - item_handler - 24 - Fetching all pizzas
2025-04-17 13:02:32,740 - INFO - item_handler - 28 - Fetching cart details
2025-04-17 13:04:57,926 - INFO - item_handler - 24 - Fetching all pizzas
2025-04-17 13:04:58,912 - INFO - item_handler - 24 - Fetching all pizzas
2025-04-17 14:22:24,888 - INFO - item_handler - 24 - Fetching all pizzas
2025-04-17 14:22:25,747 - INFO - item_handler - 24 - Fetching all pizzas
2025-04-17 14:22:32,761 - INFO - item_handler - 28 - Fetching cart details
2025-04-17 14:23:36,053 - INFO - item_handler - 28 - Fetching cart details
2025-04-17 14:23:38,117 - INFO - item_handler - 28 - Fetching cart details
2025-04-17 14:23:50,223 - INFO - item_handler - 24 - Fetching all pizzas
2025-04-17 14:23:53,720 - INFO - item_handler - 28 - Fetching cart details
2025-04-17 14:31:38,184 - INFO - item_handler - 28 - Fetching cart details
2025-04-17 14:31:48,811 - INFO - item_handler - 24 - Fetching all pizzas
2025-04-17 14:31:50,425 - INFO - item_handler - 24 - Fetching all pizzas
2025-04-17 14:31:58,847 - INFO - item_handler - 28 - Fetching cart details
2025-04-17 14:32:01,677 - INFO - item_handler - 28 - Fetching cart details
2025-04-17 14:32:05,363 - INFO - item_handler - 28 - Fetching cart details
2025-04-17 14:32:08,584 - INFO - item_handler - 28 - Fetching cart details
2025-04-17 14:32:12,681 - INFO - item_handler - 28 - Fetching cart details
2025-04-17 14:32:22,312 - INFO - item_handler - 28 - Fetching cart details
2025-04-17 14:32:23,350 - INFO - item_handler - 28 - Fetching cart details
2025-04-17 14:32:24,348 - INFO - item_handler - 28 - Fetching cart details
2025-04-17 14:32:25,378 - INFO - item_handler - 28 - Fetching cart details
2025-04-17 14:32:29,886 - INFO - item_handler - 24 - Fetching all pizzas
2025-04-17 14:32:37,684 - INFO - item_handler - 28 - Fetching cart details
2025-04-17 14:32:41,023 - INFO - item_handler - 28 - Fetching cart details
2025-04-17 14:32:42,800 - INFO - item_handler - 28 - Fetching cart details
2025-04-17 14:33:30,498 - INFO - item_handler - 24 - Fetching all pizzas
2025-04-17 14:34:13,425 - INFO - item_handler - 28 - Fetching cart details
2025-04-17 14:34:26,162 - INFO - item_handler - 28 - Fetching cart details
2025-04-17 14:34:27,674 - INFO - item_handler - 28 - Fetching cart details
2025-04-17 14:34:49,746 - INFO - item_handler - 28 - Fetching cart details
2025-04-17 14:34:54,046 - INFO - item_handler - 28 - Fetching cart details
2025-04-17 14:36:27,270 - INFO - item_handler - 28 - Fetching cart details
2025-04-17 14:36:27,481 - INFO - item_handler - 28 - Fetching cart details
2025-04-17 14:38:37,346 - INFO - item_handler - 28 - Fetching cart details
2025-04-17 14:38:38,675 - INFO - item_handler - 28 - Fetching cart details
2025-04-17 14:39:52,119 - INFO - item_handler - 28 - Fetching cart details
2025-04-17 14:39:57,120 - INFO - item_handler - 24 - Fetching all pizzas
2025-04-17 14:40:00,755 - INFO - item_handler - 28 - Fetching cart details
2025-04-17 14:43:11,018 - INFO - item_handler - 28 - Fetching cart details
2025-04-17 14:45:57,187 - INFO - item_handler - 28 - Fetching cart details
2025-04-17 14:47:12,121 - INFO - item_handler - 28 - Fetching cart details
2025-04-17 14:47:20,477 - INFO - item_handler - 28 - Fetching cart details
2025-04-17 14:47:23,645 - INFO - item_handler - 28 - Fetching cart details
2025-04-17 14:47:25,876 - INFO - item_handler - 28 - Fetching cart details
2025-04-17 14:47:26,095 - INFO - item_handler - 28 - Fetching cart details
2025-04-17 14:47:27,191 - INFO - item_handler - 24 - Fetching all pizzas
2025-04-17 14:47:31,403 - INFO - item_handler - 28 - Fetching cart details
2025-04-17 14:47:33,878 - INFO - item_handler - 28 - Fetching cart details
2025-04-17 14:47:34,954 - INFO - item_handler - 28 - Fetching cart details
2025-04-17 14:47:35,965 - INFO - item_handler - 28 - Fetching cart details
2025-04-17 14:50:21,996 - INFO - item_handler - 28 - Fetching cart details
2025-04-17 14:50:23,375 - INFO - item_handler - 28 - Fetching cart details
2025-04-17 14:50:29,001 - INFO - item_handler - 28 - Fetching cart details
2025-04-17 14:50:39,747 - INFO - item_handler - 28 - Fetching cart details
2025-04-17 14:51:41,126 - INFO - item_handler - 28 - Fetching cart details
2025-04-17 14:51:44,254 - INFO - item_handler - 28 - Fetching cart details
2025-04-17 15:36:52,419 - INFO - item_handler - 28 - Fetching cart details
2025-04-17 15:36:54,371 - INFO - item_handler - 28 - Fetching cart details
2025-04-17 15:36:56,503 - INFO - item_handler - 28 - Fetching cart details
2025-04-17 15:36:56,650 - INFO - item_handler - 28 - Fetching cart details
2025-04-17 15:36:56,856 - INFO - item_handler - 28 - Fetching cart details
2025-04-17 15:38:17,107 - INFO - item_handler - 28 - Fetching cart details
2025-04-17 15:38:36,094 - INFO - item_handler - 28 - Fetching cart details
2025-04-17 15:38:43,316 - INFO - item_handler - 28 - Fetching cart details
2025-04-17 15:38:46,345 - INFO - item_handler - 28 - Fetching cart details
2025-04-17 15:43:06,787 - INFO - item_handler - 24 - Fetching all pizzas
2025-04-17 15:43:16,303 - INFO - item_handler - 28 - Fetching cart details
2025-04-17 15:45:43,886 - INFO - item_handler - 24 - Fetching all pizzas
2025-04-17 15:45:45,998 - INFO - item_handler - 24 - Fetching all pizzas
2025-04-17 15:45:47,943 - INFO - item_handler - 24 - Fetching all pizzas
2025-04-17 15:50:59,345 - INFO - item_handler - 24 - Fetching all pizzas
2025-04-17 15:51:34,408 - INFO - item_handler - 24 - Fetching all pizzas
2025-04-17 15:54:17,400 - INFO - item_handler - 24 - Fetching all pizzas
2025-04-17 15:55:49,035 - INFO - item_handler - 28 - Fetching cart details
2025-04-17 15:55:57,160 - INFO - item_handler - 28 - Fetching cart details
2025-04-17 15:55:57,330 - INFO - item_handler - 28 - Fetching cart details
2025-04-17 15:55:57,526 - INFO - item_handler - 28 - Fetching cart details
2025-04-17 15:55:57,692 - INFO - item_handler - 28 - Fetching cart details
2025-04-17 15:55:57,930 - INFO - item_handler - 28 - Fetching cart details
2025-04-17 15:55:59,574 - INFO - item_handler - 28 - Fetching cart details
2025-04-17 15:55:59,730 - INFO - item_handler - 28 - Fetching cart details
2025-04-17 15:56:02,350 - INFO - item_handler - 28 - Fetching cart details
2025-04-17 15:56:02,506 - INFO - item_handler - 28 - Fetching cart details
2025-04-17 15:56:02,661 - INFO - item_handler - 28 - Fetching cart details
2025-04-17 15:56:02,836 - INFO - item_handler - 28 - Fetching cart details
2025-04-17 15:56:03,053 - INFO - item_handler - 28 - Fetching cart details
2025-04-17 15:56:04,824 - INFO - item_handler - 28 - Fetching cart details
2025-04-17 15:56:04,984 - INFO - item_handler - 28 - Fetching cart details
2025-04-17 15:56:05,159 - INFO - item_handler - 28 - Fetching cart details
2025-04-17 15:56:05,328 - INFO - item_handler - 28 - Fetching cart details
2025-04-17 15:56:05,555 - INFO - item_handler - 28 - Fetching cart details
2025-04-17 15:56:05,942 - INFO - item_handler - 28 - Fetching cart details
2025-04-17 15:56:06,158 - INFO - item_handler - 28 - Fetching cart details
2025-04-17 15:56:06,647 - INFO - item_handler - 28 - Fetching cart details
2025-04-17 15:56:07,336 - INFO - item_handler - 28 - Fetching cart details
2025-04-17 15:56:31,499 - INFO - item_handler - 28 - Fetching cart details
2025-04-17 15:57:01,646 - INFO - item_handler - 28 - Fetching cart details
2025-04-17 15:57:03,516 - INFO - item_handler - 28 - Fetching cart details
2025-04-17 15:57:21,357 - INFO - item_handler - 28 - Fetching cart details
2025-04-17 15:57:23,838 - INFO - item_handler - 28 - Fetching cart details
2025-04-17 15:57:36,088 - INFO - item_handler - 28 - Fetching cart details
2025-04-17 15:57:45,001 - INFO - item_handler - 28 - Fetching cart details
2025-04-17 15:57:50,794 - INFO - item_handler - 28 - Fetching cart details
2025-04-17 15:57:50,953 - INFO - item_handler - 28 - Fetching cart details
2025-04-17 15:57:51,178 - INFO - item_handler - 28 - Fetching cart details
2025-04-17 15:57:57,123 - INFO - item_handler - 28 - Fetching cart details
2025-04-17 16:00:01,159 - INFO - item_handler - 28 - Fetching cart details
2025-04-17 16:00:29,587 - INFO - item_handler - 24 - Fetching all pizzas
2025-04-17 16:00:36,312 - INFO - item_handler - 28 - Fetching cart details
2025-04-17 16:19:14,872 - INFO - item_handler - 25 - Fetching all pizzas
2025-04-17 16:20:45,125 - INFO - item_handler - 25 - Fetching all pizzas
2025-04-17 16:23:49,127 - INFO - item_handler - 25 - Fetching all pizzas
2025-04-17 16:25:42,549 - INFO - item_handler - 25 - Fetching all pizzas
2025-04-17 16:25:55,495 - INFO - item_handler - 25 - Fetching all pizzas
2025-04-17 16:27:33,746 - INFO - item_handler - 25 - Fetching all pizzas
2025-04-17 16:29:15,225 - INFO - item_handler - 24 - Fetching all pizzas
2025-04-17 16:29:49,232 - INFO - item_handler - 28 - Fetching cart details
2025-04-17 16:30:12,535 - INFO - item_handler - 28 - Fetching cart details
2025-04-17 16:30:18,632 - INFO - item_handler - 28 - Fetching cart details
2025-04-17 16:30:32,630 - INFO - item_handler - 28 - Fetching cart details
2025-04-17 16:30:39,260 - INFO - item_handler - 24 - Fetching all pizzas
2025-04-17 16:30:41,661 - INFO - item_handler - 28 - Fetching cart details
2025-04-17 16:33:14,545 - INFO - item_handler - 28 - Fetching cart details
2025-04-17 16:33:15,603 - INFO - item_handler - 24 - Fetching all pizzas
2025-04-17 16:33:17,898 - INFO - item_handler - 28 - Fetching cart details
2025-04-17 16:34:13,527 - INFO - item_handler - 28 - Fetching cart details
2025-04-17 16:34:59,778 - INFO - item_handler - 28 - Fetching cart details
2025-04-17 16:36:13,902 - INFO - item_handler - 24 - Fetching all pizzas
2025-04-17 16:36:46,141 - INFO - item_handler - 28 - Fetching cart details
2025-04-17 16:38:31,316 - INFO - item_handler - 28 - Fetching cart details
2025-04-17 16:39:54,389 - INFO - item_handler - 28 - Fetching cart details
2025-04-17 16:40:04,905 - INFO - item_handler - 24 - Fetching all pizzas
2025-04-17 16:40:09,197 - INFO - item_handler - 28 - Fetching cart details
2025-04-17 16:41:36,228 - INFO - item_handler - 29 - Fetching cart details
